<?xml version="1.0" encoding="UTF-8"?>
<!-- Generated by org.testng.reporters.JUnitReportReporter -->
<testsuite hostname="Kavita" name="TestAPI.FirstAPITesting" tests="1" failures="0" timestamp="6 Jan 2024 07:03:16 GMT" time="2.348" errors="0">
  <testcase name="GetRequestTest" time="2.348" classname="TestAPI.FirstAPITesting"/>
</testsuite> <!-- TestAPI.FirstAPITesting -->
